  VideoProcessorDlg.cpp
VideoProcessorDlg.cpp(224): warning C4244: '인수': 'double'에서 'int'(으)로 변환하면서 데이터가 손실될 수 있습니다.
VideoProcessorDlg.cpp(251): warning C4244: '초기화 중': 'double'에서 'int'(으)로 변환하면서 데이터가 손실될 수 있습니다.
VideoProcessorDlg.cpp(264): warning C4244: '초기화 중': 'double'에서 'int'(으)로 변환하면서 데이터가 손실될 수 있습니다.
VideoProcessorDlg.cpp(363): warning C4244: '=': 'double'에서 'int'(으)로 변환하면서 데이터가 손실될 수 있습니다.
VideoProcessorDlg.cpp(364): warning C4244: '=': 'double'에서 'int'(으)로 변환하면서 데이터가 손실될 수 있습니다.
VideoProcessorDlg.cpp(1291): warning C4244: '*=': 'double'에서 'int'(으)로 변환하면서 데이터가 손실될 수 있습니다.
VideoProcessorDlg.cpp(1295): warning C4244: '*=': 'double'에서 'int'(으)로 변환하면서 데이터가 손실될 수 있습니다.
VideoProcessorDlg.cpp(1332): warning C4244: '*=': 'double'에서 'int'(으)로 변환하면서 데이터가 손실될 수 있습니다.
VideoProcessorDlg.cpp(1336): warning C4244: '*=': 'double'에서 'int'(으)로 변환하면서 데이터가 손실될 수 있습니다.
VideoProcessorDlg.cpp(1387): warning C4244: '*=': 'double'에서 'int'(으)로 변환하면서 데이터가 손실될 수 있습니다.
VideoProcessorDlg.cpp(1391): warning C4244: '*=': 'double'에서 'int'(으)로 변환하면서 데이터가 손실될 수 있습니다.
c:\users\administrator\desktop\soc 예선\2017 soc 영상처리\imagesrc\MyImage.h(80): warning C4244: '=': 'double'에서 'BYTE'(으)로 변환하면서 데이터가 손실될 수 있습니다.
  VideoProcessorDlg.cpp(517): note: 컴파일 중인 함수 템플릿 인스턴스화 'CMyImage<BYTE>::CMyImage<double>(const CMyImage<double> &)'에 대한 참조를 확인하십시오.
  VideoProcessorDlg.cpp(517): note: 컴파일 중인 함수 템플릿 인스턴스화 'CMyImage<BYTE>::CMyImage<double>(const CMyImage<double> &)'에 대한 참조를 확인하십시오.
  코드를 생성하고 있습니다.
  1 of 377 functions ( 0.3%) were compiled, the rest were copied from previous compilation.
    0 functions were new in current compilation
    1 functions had inline decision re-evaluated but remain unchanged
  코드를 생성했습니다.
  VideoProcessor.vcxproj -> C:\Users\Administrator\Desktop\SoC 예선\2017 Soc 영상처리\Bin\VideoProcessor.exe
  VideoProcessor.vcxproj -> Bin\VideoProcessor.pdb (Full PDB)
